Arguments: 
  C:\Program Files\nodejs\node.exe C:\Program Files (x86)\Yarn\bin\yarn.js

PATH: 
  D:\Apps\cmder\bin;D:\Apps\cmder\vendor\conemu-maximus5\ConEmu\Scripts;D:\Apps\cmder\vendor\conemu-maximus5;D:\Apps\cmder\vendor\conemu-maximus5\ConEmu;C:\ProgramData\DockerDesktop\version-bin;C:\Program Files\Docker\Docker\Resources\bin;C:\Program Files (x86)\Intel\iCLS Client\;C:\Program Files\Intel\iCLS Client\;C:\Program Files\Haskell\bin\noooo;C:\Program Files\Haskell Platform\8.2.2\lib\extralibs\bin\noooo;C:\Program Files\Haskell Platform\8.2.2\bin\noooo;C:\ProgramData\Oracle\Java\javapath;C:\Program Files\PHP\v7.1;C:\WINDOWS\system32;C:\WINDOWS;C:\WINDOWS\System32\Wbem;C:\WINDOWS\System32\WindowsPowerShell\v1.0\;C:\Program Files (x86)\NVIDIA Corporation\PhysX\Common;C:\Program Files\Microsoft SQL Server\120\Tools\Binn\;C:\Program Files\Microsoft SQL Server\130\Tools\Binn\;C:\Program Files\Git\cmd;C:\Program Files\Microsoft SQL Server\Client SDK\ODBC\110\Tools\Binn\;C:\Program Files (x86)\Microsoft SQL Server\120\Tools\Binn\;C:\Program Files\Microsoft SQL Server\120\DTS\Binn\;C:\Program Files (x86)\Microsoft SQL Server\120\Tools\Binn\ManagementStudio\;C:\Program Files (x86)\Microsoft SQL Server\120\DTS\Binn\;C:\Users\MEL-HOST\AppData\Local\Microsoft\WindowsApps;C:\Users\MEL-HOST\AppData\Roaming\npm;C:\Program Files (x86)\Microsoft VS Code\bin;C:\WINDOWS\system32;C:\WINDOWS;C:\WINDOWS\System32\Wbem;C:\WINDOWS\System32\WindowsPowerShell\v1.0\;C:\Program Files (x86)\Windows Kits\8.1\Windows Performance Toolkit\;C:\Program Files\Java\jre1.8.0_151\bin;C:\Program Files\nodejs\;C:\Program Files\dotnet\;C:\ProgramData\chocolatey\bin;C:\Program Files (x86)\Gpg4win\..\GnuPG\bin;C:\Program Files\CMake\bin;C:\Program Files\Haskell Platform\8.2.2\mingw\bin\noooo;C:\Program Files\Amazon\AWSCLI\;D:\Program Files\mingw-w64\x86_64-7.2.0-win32-seh-rt_v5-rev1\mingw64\bin;C:\WINDOWS\System32\OpenSSH\;d:\apps\cmder;C:\Program Files (x86)\Intel\Intel(R) Management Engine Components\DAL;C:\Program Files\Intel\Intel(R) Management Engine Components\DAL;C:\Program Files (x86)\Intel\Intel(R) Management Engine Components\IPT;C:\Program Files\Intel\Intel(R) Management Engine Components\IPT;C:\Program Files\Git LFS;C:\Program Files\NVIDIA Corporation\NVIDIA NvDLISR;C:\Program Files (x86)\Yarn\bin\;D:\Apps\Go\bin;C:\Program Files\Amazon\AWSSAMCLI\bin\;D:\Program Files\Ruby25-x64\bin;C:\Users\MEL-HOST\AppData\Roaming\cabal\bin;C:\Users\MEL-HOST\AppData\Roaming\local\bin;C:\Users\MEL-HOST\.cargo\bin;C:\Users\MEL-HOST\AppData\Local\Microsoft\WindowsApps;C:\Program Files (x86)\Microsoft VS Code\bin;C:\Program Files\Heroku\bin;C:\Users\MEL-HOST\AppData\Roaming\npm;C:\Users\MEL-HOST\AppData\Local\Programs\Fiddler;C:\Users\MEL-HOST\AppData\Local\Microsoft\WindowsApps;D:\Workspace_V2\bin;C:\Users\MEL-HOST\.dotnet\tools;C:\Users\MEL-HOST\AppData\Local\Yarn\bin;C:\Users\MEL-HOST\go\bin;C:\Program Files\Git\mingw64;C:\Program Files\Git\usr\bin

Yarn version: 
  1.15.2

Node version: 
  11.13.0

Platform: 
  win32 x64

Trace: 
  Error: EPERM: operation not permitted, unlink 'D:\Mel\Workspace\src\github.com\sanisoclem\sanisoclem-dev\node_modules\node-sass\vendor\win32-x64-67\binding.node'

npm manifest: 
  {
    "name": "sanisoclem-dev-www",
    "version": "0.1.0",
    "description": "",
    "main": "index.js",
    "scripts": {
      "build": "webpack --mode production",
      "start": "webpack-dev-server --host 0.0.0.0"
    },
    "devDependencies": {
      "clean-webpack-plugin": "^2.0.1",
      "copy-webpack-plugin": "^5.0.2",
      "css-loader": "^2.1.1",
      "eslint": "^5.16.0",
      "file-loader": "^3.0.1",
      "html-loader": "^0.5.5",
      "html-webpack-plugin": "^3.2.0",
      "image-webpack-loader": "^4.6.0",
      "materialize-css": "^1.0.0-rc.2",
      "mini-css-extract-plugin": "^0.5.0",
      "node-sass": "^4.11.0",
      "sass-loader": "^7.1.0",
      "style-loader": "^0.23.1",
      "webpack": "^4.29.4",
      "webpack-cli": "^3.1.0",
      "webpack-dev-server": "^3.1.5",
      "webpack-md5-hash": "^0.0.6"
    }
  }

yarn manifest: 
  No manifest

Lockfile: 
  No lockfile
